
============================================================
🔐 PASSWORD RESET OTP
============================================================
📧 Email: iskole.2y@gmail.com
🔑 OTP Code: 897115
⏰ Valid for: 10 minutes
🕐 Generated: 2026-01-11 08:03:22
============================================================

============================================================
🔐 PASSWORD RESET OTP
============================================================
📧 Email: kalanajinendra@gmail.com
🔑 OTP Code: 965957
⏰ Valid for: 10 minutes
🕐 Generated: 2026-04-03 04:42:11

🔐 PASSWORD RESET OTP
📧 Email: senhirusenaweera@gmail.com
🔑 OTP Code: 743270
⏰ Valid for: 10 minutes
🕐 Generated: 2026-04-03 04:53:15
============================================================
